  a3_BufferObject-OpenGL.c
c:\users\avery\desktop\graphics2\animal3d-sdk\animal3d-sdk\source\animal3d-a3dg\a3graphics-opengl\a3_bufferobject-opengl.c(29): fatal error C1083: Cannot open include file: 'GL/glew.h': No such file or directory
  a3_Framebuffer-OpenGL.c
c:\users\avery\desktop\graphics2\animal3d-sdk\animal3d-sdk\source\animal3d-a3dg\a3graphics-opengl\a3_framebuffer-opengl.c(29): fatal error C1083: Cannot open include file: 'GL/glew.h': No such file or directory
  a3_Material-OpenGL.c
c:\users\avery\desktop\graphics2\animal3d-sdk\animal3d-sdk\source\animal3d-a3dg\a3graphics-opengl\a3_material-opengl.c(29): fatal error C1083: Cannot open include file: 'GL/glew.h': No such file or directory
  a3_ShaderProgram-OpenGL.c
c:\users\avery\desktop\graphics2\animal3d-sdk\animal3d-sdk\source\animal3d-a3dg\a3graphics-opengl\a3_shaderprogram-opengl.c(31): fatal error C1083: Cannot open include file: 'GL/glew.h': No such file or directory
  a3_TextRenderer-OpenGL.c
  a3_Texture-OpenGL.c
c:\users\avery\desktop\graphics2\animal3d-sdk\animal3d-sdk\source\animal3d-a3dg\a3graphics-opengl\a3_texture-opengl.c(29): fatal error C1083: Cannot open include file: 'GL/glew.h': No such file or directory
  a3_UniformBuffer-OpenGL.c
c:\users\avery\desktop\graphics2\animal3d-sdk\animal3d-sdk\source\animal3d-a3dg\a3graphics-opengl\a3_uniformbuffer-opengl.c(29): fatal error C1083: Cannot open include file: 'GL/glew.h': No such file or directory
  a3_VertexBuffer-OpenGL.c
c:\users\avery\desktop\graphics2\animal3d-sdk\animal3d-sdk\source\animal3d-a3dg\a3graphics-opengl\a3_vertexbuffer-opengl.c(29): fatal error C1083: Cannot open include file: 'GL/glew.h': No such file or directory
  a3_VertexDrawable-OpenGL.c
c:\users\avery\desktop\graphics2\animal3d-sdk\animal3d-sdk\source\animal3d-a3dg\a3graphics-opengl\a3_vertexdrawable-opengl.c(29): fatal error C1083: Cannot open include file: 'GL/glew.h': No such file or directory
  a3_BufferObject.c
  a3_TextureAtlas.c
c:\users\avery\desktop\graphics2\animal3d-sdk\animal3d-sdk\source\animal3d-a3dg\a3graphics\a3_textureatlas.c(34): fatal error C1083: Cannot open include file: 'GL/glew.h': No such file or directory
  a3_VertexBuffer.c
  a3_app_renderer-OpenGL.c
c:\users\avery\desktop\graphics2\animal3d-sdk\animal3d-sdk\project\visualstudio\animal3d-a3dg-opengl\_src_win\a3graphics\win32\a3_app_renderer-opengl.c(33): fatal error C1083: Cannot open include file: 'GL/glew.h': No such file or directory
  Generating Code...
